#-----------------------------------------------------------
# Vivado v2018.2 (64-bit)
# SW Build 2258646 on Thu Jun 14 20:03:12 MDT 2018
# IP Build 2256618 on Thu Jun 14 22:10:49 MDT 2018
# Start of session at: Mon Jan  3 12:16:41 2022
# Process ID: 10688
# Current directory: C:/Users/goktu/Desktop/goktugkorkulu_korkulu_goktug_termProject_cs303/goktugkorkulu_korkulu_goktug_termProject_cs303/CS303_TERMPROJECT
# Command line: vivado.exe -gui_launcher_event rodinguilauncherevent15620 C:\Users\goktu\Desktop\goktugkorkulu_korkulu_goktug_termProject_cs303\goktugkorkulu_korkulu_goktug_termProject_cs303\CS303_TERMPROJECT\CS303_TERMPROJECT.xpr
# Log file: C:/Users/goktu/Desktop/goktugkorkulu_korkulu_goktug_termProject_cs303/goktugkorkulu_korkulu_goktug_termProject_cs303/CS303_TERMPROJECT/vivado.log
# Journal file: C:/Users/goktu/Desktop/goktugkorkulu_korkulu_goktug_termProject_cs303/goktugkorkulu_korkulu_goktug_termProject_cs303/CS303_TERMPROJECT\vivado.jou
#-----------------------------------------------------------
start_gui
open_project C:/Users/goktu/Desktop/goktugkorkulu_korkulu_goktug_termProject_cs303/goktugkorkulu_korkulu_goktug_termProject_cs303/CS303_TERMPROJECT/CS303_TERMPROJECT.xpr
INFO: [ProjectBase 1-489] The host OS only allows 260 characters in a normal path. The project is stored in a path with more than 80 characters. If you experience issues with IP, Block Designs, or files not being found, please consider moving the project to a location with a shorter path. Alternately consider using the OS subst command to map part of the path to a drive letter.
Current project path is 'C:/Users/goktu/Desktop/goktugkorkulu_korkulu_goktug_termProject_cs303/goktugkorkulu_korkulu_goktug_termProject_cs303/CS303_TERMPROJECT'
INFO: [Project 1-313] Project file moved from 'C:/Users/goktu/Desktop/CS_303_LABS/CS303_TERMPROJECT' since last save.
Scanning sources...
Finished scanning sources
INFO: [IP_Flow 19-234] Refreshing IP repositories
INFO: [IP_Flow 19-1704] No user IP repositories specified
INFO: [IP_Flow 19-2313] Loaded Vivado IP repository 'C:/Xilinx/Vivado/2018.2/data/ip'.
update_compile_order -fileset sources_1
launch_simulation
INFO: [Vivado 12-5682] Launching behavioral simulation in 'C:/Users/goktu/Desktop/goktugkorkulu_korkulu_goktug_termProject_cs303/goktugkorkulu_korkulu_goktug_termProject_cs303/CS303_TERMPROJECT/CS303_TERMPROJECT.sim/sim_1/behav/xsim'
INFO: [SIM-utils-51] Simulation object is 'sim_1'
INFO: [SIM-utils-54] Inspecting design source files for 'telephone_conversation_simulation' in fileset 'sim_1'...
INFO: [USF-XSim-97] Finding global include files...
INFO: [USF-XSim-98] Fetching design files from 'sim_1'...
INFO: [USF-XSim-2] XSim::Compile design
INFO: [USF-XSim-61] Executing 'COMPILE and ANALYZE' step in 'C:/Users/goktu/Desktop/goktugkorkulu_korkulu_goktug_termProject_cs303/goktugkorkulu_korkulu_goktug_termProject_cs303/CS303_TERMPROJECT/CS303_TERMPROJECT.sim/sim_1/behav/xsim'
"xvlog --incr --relax -prj telephone_conversation_simulation_vlog.prj"
INFO: [VRFC 10-2263] Analyzing Verilog file "C:/Users/goktu/Desktop/goktugkorkulu_korkulu_goktug_termProject_cs303/goktugkorkulu_korkulu_goktug_termProject_cs303/CS303_TERMPROJECT/CS303_TERMPROJECT.srcs/sources_1/new/telephone_conversation_design.v" into library xil_defaultlib
INFO: [VRFC 10-311] analyzing module telephone_conversation_design
INFO: [VRFC 10-2263] Analyzing Verilog file "C:/Users/goktu/Desktop/goktugkorkulu_korkulu_goktug_termProject_cs303/goktugkorkulu_korkulu_goktug_termProject_cs303/CS303_TERMPROJECT/CS303_TERMPROJECT.srcs/sim_1/new/telephone_conversation_simulation.v" into library xil_defaultlib
INFO: [VRFC 10-311] analyzing module telephone_conversation_simulation
INFO: [VRFC 10-2263] Analyzing Verilog file "C:/Users/goktu/Desktop/goktugkorkulu_korkulu_goktug_termProject_cs303/goktugkorkulu_korkulu_goktug_termProject_cs303/CS303_TERMPROJECT/CS303_TERMPROJECT.sim/sim_1/behav/xsim/glbl.v" into library xil_defaultlib
INFO: [VRFC 10-311] analyzing module glbl
INFO: [USF-XSim-69] 'compile' step finished in '2' seconds
INFO: [USF-XSim-3] XSim::Elaborate design
INFO: [USF-XSim-61] Executing 'ELABORATE' step in 'C:/Users/goktu/Desktop/goktugkorkulu_korkulu_goktug_termProject_cs303/goktugkorkulu_korkulu_goktug_termProject_cs303/CS303_TERMPROJECT/CS303_TERMPROJECT.sim/sim_1/behav/xsim'
Vivado Simulator 2018.2
Copyright 1986-1999, 2001-2018 Xilinx, Inc. All Rights Reserved.
Running: C:/Xilinx/Vivado/2018.2/bin/unwrapped/win64.o/xelab.exe -wto 76b500e9b32c44d2a53e6c423ceda8ba --incr --debug typical --relax --mt 2 -L xil_defaultlib -L unisims_ver -L unimacro_ver -L secureip --snapshot telephone_conversation_simulation_behav xil_defaultlib.telephone_conversation_simulation xil_defaultlib.glbl -log elaborate.log 
Using 2 slave threads.
Starting static elaboration
Completed static elaboration
Starting simulation data flow analysis
Completed simulation data flow analysis
Time Resolution for simulation is 1ps
Compiling module xil_defaultlib.telephone_conversation_design
Compiling module xil_defaultlib.telephone_conversation_simulatio...
Compiling module xil_defaultlib.glbl
Built simulation snapshot telephone_conversation_simulation_behav
INFO: [USF-XSim-69] 'elaborate' step finished in '3' seconds
INFO: [USF-XSim-4] XSim::Simulate design
INFO: [USF-XSim-61] Executing 'SIMULATE' step in 'C:/Users/goktu/Desktop/goktugkorkulu_korkulu_goktug_termProject_cs303/goktugkorkulu_korkulu_goktug_termProject_cs303/CS303_TERMPROJECT/CS303_TERMPROJECT.sim/sim_1/behav/xsim'
INFO: [USF-XSim-98] *** Running xsim
   with args "telephone_conversation_simulation_behav -key {Behavioral:sim_1:Functional:telephone_conversation_simulation} -tclbatch {telephone_conversation_simulation.tcl} -view {C:/Users/goktu/Desktop/goktugkorkulu_korkulu_goktug_termProject_cs303/goktugkorkulu_korkulu_goktug_termProject_cs303/CS303_TERMPROJECT/telephone_conversation_simulation_behav.wcfg} -log {simulate.log}"
INFO: [USF-XSim-8] Loading simulator feature
Vivado Simulator 2018.2
Time resolution is 1 ps
open_wave_config C:/Users/goktu/Desktop/goktugkorkulu_korkulu_goktug_termProject_cs303/goktugkorkulu_korkulu_goktug_termProject_cs303/CS303_TERMPROJECT/telephone_conversation_simulation_behav.wcfg
source telephone_conversation_simulation.tcl
# set curr_wave [current_wave_config]
# if { [string length $curr_wave] == 0 } {
#   if { [llength [get_objects]] > 0} {
#     add_wave /
#     set_property needs_save false [current_wave_config]
#   } else {
#      send_msg_id Add_Wave-1 WARNING "No top level signals found. Simulator will start without a wave window. If you want to open a wave window go to 'File->New Waveform Configuration' or type 'create_wave_config' in the TCL console."
#   }
# }
# run 1000ns
INFO: [USF-XSim-96] XSim completed. Design snapshot 'telephone_conversation_simulation_behav' loaded.
INFO: [USF-XSim-97] XSim simulation ran for 1000ns
launch_simulation: Time (s): cpu = 00:00:09 ; elapsed = 00:00:09 . Memory (MB): peak = 828.598 ; gain = 9.785
close_sim
INFO: [Simtcl 6-16] Simulation closed
exit
INFO: [Common 17-206] Exiting Vivado at Tue Jan  4 11:35:44 2022...
